# JRE version: Java(TM) SE Runtime Environment (8.0_131-b11) (build 1.8.0_131-b11)
# Java VM: Java HotSpot(TM) 64-Bit Server VM (25.131-b11 mixed mode windows-amd64 compressed oops)
Heap:
 PSYoungGen      total 18432K, used 14645K [0x00000000ebb80000, 0x00000000eec00000, 0x0000000100000000)
  eden space 15872K, 76% used [0x00000000ebb80000,0x00000000ec753ab8,0x00000000ecb00000)
  from space 2560K, 99% used [0x00000000ecb00000,0x00000000ecd79c50,0x00000000ecd80000)
  to   space 16896K, 0% used [0x00000000edb80000,0x00000000edb80000,0x00000000eec00000)
 ParOldGen       total 52736K, used 34172K [0x00000000c3200000, 0x00000000c6580000, 0x00000000ebb80000)
  object space 52736K, 64% used [0x00000000c3200000,0x00000000c535f1f8,0x00000000c6580000)
 Metaspace       used 16412K, capacity 16670K, committed 17024K, reserved 1064960K
  class space    used 1987K, capacity 2061K, committed 2176K, reserved 1048576K
GC Heap History (10 events):
Event: 2.490 GC heap before
{Heap before GC invocations=2 (full 0):
 PSYoungGen      total 18432K, used 18290K [0x00000000ebb80000, 0x00000000ed000000, 0x0000000100000000)
  eden space 15872K, 99% used [0x00000000ebb80000,0x00000000ecae4a68,0x00000000ecb00000)
  from space 2560K, 98% used [0x00000000ecb00000,0x00000000ecd78090,0x00000000ecd80000)
  to   space 2560K, 0% used [0x00000000ecd80000,0x00000000ecd80000,0x00000000ed000000)
 ParOldGen       total 42496K, used 11969K [0x00000000c3200000, 0x00000000c5b80000, 0x00000000ebb80000)
  object space 42496K, 28% used [0x00000000c3200000,0x00000000c3db0650,0x00000000c5b80000)
 Metaspace       used 15310K, capacity 15458K, committed 15616K, reserved 1062912K
  class space    used 1924K, capacity 1987K, committed 2048K, reserved 1048576K
Event: 2.499 GC heap after
Heap after GC invocations=2 (full 0):
 PSYoungGen      total 18432K, used 2555K [0x00000000ebb80000, 0x00000000ed000000, 0x0000000100000000)
  eden space 15872K, 0% used [0x00000000ebb80000,0x00000000ebb80000,0x00000000ecb00000)
  from space 2560K, 99% used [0x00000000ecd80000,0x00000000ecffecf8,0x00000000ed000000)
  to   space 2560K, 0% used [0x00000000ecb00000,0x00000000ecb00000,0x00000000ecd80000)
 ParOldGen       total 42496K, used 22253K [0x00000000c3200000, 0x00000000c5b80000, 0x00000000ebb80000)
  object space 42496K, 52% used [0x00000000c3200000,0x00000000c47bb610,0x00000000c5b80000)
 Metaspace       used 15310K, capacity 15458K, committed 15616K, reserved 1062912K
  class space    used 1924K, capacity 1987K, committed 2048K, reserved 1048576K
}
Event: 522.242 GC heap before
{Heap before GC invocations=3 (full 0):
 PSYoungGen      total 18432K, used 18350K [0x00000000ebb80000, 0x00000000ed000000, 0x0000000100000000)
  eden space 15872K, 99% used [0x00000000ebb80000,0x00000000ecaecd38,0x00000000ecb00000)
  from space 2560K, 99% used [0x00000000ecd80000,0x00000000ecffecf8,0x00000000ed000000)
  to   space 2560K, 0% used [0x00000000ecb00000,0x00000000ecb00000,0x00000000ecd80000)
 ParOldGen       total 42496K, used 22253K [0x00000000c3200000, 0x00000000c5b80000, 0x00000000ebb80000)
  object space 42496K, 52% used [0x00000000c3200000,0x00000000c47bb610,0x00000000c5b80000)
 Metaspace       used 15562K, capacity 15718K, committed 15872K, reserved 1062912K
  class space    used 1932K, capacity 1987K, committed 2048K, reserved 1048576K
Event: 522.250 GC heap after
Heap after GC invocations=3 (full 0):
 PSYoungGen      total 18432K, used 2544K [0x00000000ebb80000, 0x00000000ed000000, 0x0000000100000000)
  eden space 15872K, 0% used [0x00000000ebb80000,0x00000000ebb80000,0x00000000ecb00000)
  from space 2560K, 99% used [0x00000000ecb00000,0x00000000ecd7c070,0x00000000ecd80000)
  to   space 2560K, 0% used [0x00000000ecd80000,0x00000000ecd80000,0x00000000ed000000)
 ParOldGen       total 42496K, used 30614K [0x00000000c3200000, 0x00000000c5b80000, 0x00000000ebb80000)
  object space 42496K, 72% used [0x00000000c3200000,0x00000000c4fe5ae8,0x00000000c5b80000)
 Metaspace       used 15562K, capacity 15718K, committed 15872K, reserved 1062912K
  class space    used 1932K, capacity 1987K, committed 2048K, reserved 1048576K
}
Event: 522.250 GC heap before
{Heap before GC invocations=4 (full 1):
 PSYoungGen      total 18432K, used 2544K [0x00000000ebb80000, 0x00000000ed000000, 0x0000000100000000)
  eden space 15872K, 0% used [0x00000000ebb80000,0x00000000ebb80000,0x00000000ecb00000)
  from space 2560K, 99% used [0x00000000ecb00000,0x00000000ecd7c070,0x00000000ecd80000)
  to   space 2560K, 0% used [0x00000000ecd80000,0x00000000ecd80000,0x00000000ed000000)
 ParOldGen       total 42496K, used 30614K [0x00000000c3200000, 0x00000000c5b80000, 0x00000000ebb80000)
  object space 42496K, 72% used [0x00000000c3200000,0x00000000c4fe5ae8,0x00000000c5b80000)
 Metaspace       used 15562K, capacity 15718K, committed 15872K, reserved 1062912K
  class space    used 1932K, capacity 1987K, committed 2048K, reserved 1048576K
Event: 522.287 GC heap after
Heap after GC invocations=4 (full 1):
 PSYoungGen      total 18432K, used 0K [0x00000000ebb80000, 0x00000000ed000000, 0x0000000100000000)
  eden space 15872K, 0% used [0x00000000ebb80000,0x00000000ebb80000,0x00000000ecb00000)
  from space 2560K, 0% used [0x00000000ecb00000,0x00000000ecb00000,0x00000000ecd80000)
  to   space 2560K, 0% used [0x00000000ecd80000,0x00000000ecd80000,0x00000000ed000000)
 ParOldGen       total 52736K, used 23928K [0x00000000c3200000, 0x00000000c6580000, 0x00000000ebb80000)
  object space 52736K, 45% used [0x00000000c3200000,0x00000000c495e240,0x00000000c6580000)
 Metaspace       used 15562K, capacity 15718K, committed 15872K, reserved 1062912K
  class space    used 1932K, capacity 1987K, committed 2048K, reserved 1048576K
}
Event: 1261.261 GC heap before
{Heap before GC invocations=5 (full 1):
 PSYoungGen      total 18432K, used 15872K [0x00000000ebb80000, 0x00000000ed000000, 0x0000000100000000)
  eden space 15872K, 100% used [0x00000000ebb80000,0x00000000ecb00000,0x00000000ecb00000)
  from space 2560K, 0% used [0x00000000ecb00000,0x00000000ecb00000,0x00000000ecd80000)
  to   space 2560K, 0% used [0x00000000ecd80000,0x00000000ecd80000,0x00000000ed000000)
 ParOldGen       total 52736K, used 23928K [0x00000000c3200000, 0x00000000c6580000, 0x00000000ebb80000)
  object space 52736K, 45% used [0x00000000c3200000,0x00000000c495e240,0x00000000c6580000)
 Metaspace       used 16099K, capacity 16308K, committed 16768K, reserved 1064960K
  class space    used 1981K, capacity 2054K, committed 2176K, reserved 1048576K
Event: 1261.265 GC heap after
Heap after GC invocations=5 (full 1):
 PSYoungGen      total 18432K, used 2553K [0x00000000ebb80000, 0x00000000ed000000, 0x0000000100000000)
  eden space 15872K, 0% used [0x00000000ebb80000,0x00000000ebb80000,0x00000000ecb00000)
  from space 2560K, 99% used [0x00000000ecd80000,0x00000000ecffe768,0x00000000ed000000)
  to   space 2560K, 0% used [0x00000000ecb00000,0x00000000ecb00000,0x00000000ecd80000)
 ParOldGen       total 52736K, used 29766K [0x00000000c3200000, 0x00000000c6580000, 0x00000000ebb80000)
  object space 52736K, 56% used [0x00000000c3200000,0x00000000c4f119b0,0x00000000c6580000)
 Metaspace       used 16099K, capacity 16308K, committed 16768K, reserved 1064960K
  class space    used 1981K, capacity 2054K, committed 2176K, reserved 1048576K
}
Event: 12056.926 GC heap before
{Heap before GC invocations=6 (full 1):
 PSYoungGen      total 18432K, used 18425K [0x00000000ebb80000, 0x00000000ed000000, 0x0000000100000000)
  eden space 15872K, 100% used [0x00000000ebb80000,0x00000000ecb00000,0x00000000ecb00000)
  from space 2560K, 99% used [0x00000000ecd80000,0x00000000ecffe768,0x00000000ed000000)
  to   space 2560K, 0% used [0x00000000ecb00000,0x00000000ecb00000,0x00000000ecd80000)
 ParOldGen       total 52736K, used 29766K [0x00000000c3200000, 0x00000000c6580000, 0x00000000ebb80000)
  object space 52736K, 56% used [0x00000000c3200000,0x00000000c4f119b0,0x00000000c6580000)
 Metaspace       used 16327K, capacity 16584K, committed 17024K, reserved 1064960K
  class space    used 1983K, capacity 2056K, committed 2176K, reserved 1048576K
Event: 12056.937 GC heap after
Heap after GC invocations=6 (full 1):
 PSYoungGen      total 18432K, used 2535K [0x00000000ebb80000, 0x00000000eec00000, 0x0000000100000000)
  eden space 15872K, 0% used [0x00000000ebb80000,0x00000000ebb80000,0x00000000ecb00000)
  from space 2560K, 99% used [0x00000000ecb00000,0x00000000ecd79c50,0x00000000ecd80000)
  to   space 16896K, 0% used [0x00000000edb80000,0x00000000edb80000,0x00000000eec00000)
 ParOldGen       total 52736K, used 34172K [0x00000000c3200000, 0x00000000c6580000, 0x00000000ebb80000)
  object space 52736K, 64% used [0x00000000c3200000,0x00000000c535f1f8,0x00000000c6580000)
 Metaspace       used 16327K, capacity 16584K, committed 17024K, reserved 1064960K
  class space    used 1983K, capacity 2056K, committed 2176K, reserved 1048576K
}

